[2023-05-18 15:50:43][/mnt/d/Code/LRUServer/src/ConnectionHandler.cpp:56] DEBUG : [socket_id:7][json:{"key":"22","method":"write","value":"bbb"}] [seq=1]
[2023-05-18 15:50:44][/mnt/d/Code/LRUServer/src/ConnectionHandler.cpp:56] DEBUG : [socket_id:10][json:{"key":"11","method":"write","value":"aaa"}] [seq=2]
[2023-05-18 16:11:01][/mnt/d/Code/LRUServer/src/ConnectionHandler.cpp:56] DEBUG : [socket_id:7][json:{"key":"23","method":"get","value":""}] [seq=1]
[2023-05-18 16:11:07][/mnt/d/Code/LRUServer/src/ConnectionHandler.cpp:56] DEBUG : [socket_id:7][json:{"key":"","method":"quit","value":""}}] [seq=1]
[2023-05-18 17:06:55][/mnt/d/Code/LRUServer/src/ConnectionHandler.cpp:56] DEBUG : [socket_id:7][json:{"key":"123","method":"get","value":""}] [seq=1]
[2023-05-18 17:06:57][/mnt/d/Code/LRUServer/src/ConnectionHandler.cpp:56] DEBUG : [socket_id:7][json:{"key":"123","method":"get","value":""}] [seq=1]
[2023-05-18 17:07:01][/mnt/d/Code/LRUServer/src/ConnectionHandler.cpp:56] DEBUG : [socket_id:7][json:{"key":"123","method":"get","value":""}] [seq=1]
[2023-05-18 17:07:03][/mnt/d/Code/LRUServer/src/ConnectionHandler.cpp:56] DEBUG : [socket_id:7][json:{"key":"123","method":"get","value":""}] [seq=1]
[2023-05-18 17:07:04][/mnt/d/Code/LRUServer/src/ConnectionHandler.cpp:56] DEBUG : [socket_id:7][json:{"key":"123","method":"get","value":""}] [seq=1]
[2023-05-18 17:07:06][/mnt/d/Code/LRUServer/src/ConnectionHandler.cpp:56] DEBUG : [socket_id:7][json:{"key":"123","method":"get","value":""}] [seq=1]
[2023-05-18 17:07:08][/mnt/d/Code/LRUServer/src/ConnectionHandler.cpp:56] DEBUG : [socket_id:7][json:{"key":"231","method":"get","value":""}] [seq=1]
[2023-05-18 17:07:09][/mnt/d/Code/LRUServer/src/ConnectionHandler.cpp:56] DEBUG : [socket_id:7][json:{"key":"123","method":"get","value":""}] [seq=1]
[2023-05-18 17:07:13][/mnt/d/Code/LRUServer/src/ConnectionHandler.cpp:56] DEBUG : [socket_id:7][json:{"key":"123","method":"get","value":""}] [seq=1]
[2023-05-18 17:07:15][/mnt/d/Code/LRUServer/src/ConnectionHandler.cpp:56] DEBUG : [socket_id:7][json:{"key":"123","method":"get","value":""}] [seq=1]
[2023-05-18 17:07:16][/mnt/d/Code/LRUServer/src/ConnectionHandler.cpp:56] DEBUG : [socket_id:7][json:{"key":"123","method":"get","value":""}] [seq=1]
[2023-05-18 17:07:18][/mnt/d/Code/LRUServer/src/ConnectionHandler.cpp:56] DEBUG : [socket_id:7][json:{"key":"123","method":"get","value":""}] [seq=1]
[2023-05-18 17:07:20][/mnt/d/Code/LRUServer/src/ConnectionHandler.cpp:56] DEBUG : [socket_id:7][json:{"key":"132","method":"get","value":""}] [seq=1]
[2023-05-18 17:07:22][/mnt/d/Code/LRUServer/src/ConnectionHandler.cpp:56] DEBUG : [socket_id:7][json:{"key":"123","method":"get","value":""}] [seq=1]
[2023-05-18 17:07:23][/mnt/d/Code/LRUServer/src/ConnectionHandler.cpp:56] DEBUG : [socket_id:7][json:{"key":"123","method":"get","value":""}] [seq=1]
[2023-05-18 17:07:25][/mnt/d/Code/LRUServer/src/ConnectionHandler.cpp:56] DEBUG : [socket_id:7][json:{"key":"132","method":"get","value":""}] [seq=1]
[2023-05-18 17:07:27][/mnt/d/Code/LRUServer/src/ConnectionHandler.cpp:56] DEBUG : [socket_id:7][json:{"key":"123","method":"get","value":""}] [seq=1]
[2023-05-18 17:07:29][/mnt/d/Code/LRUServer/src/ConnectionHandler.cpp:56] DEBUG : [socket_id:7][json:{"key":"132","method":"get","value":""}] [seq=1]
[2023-05-18 17:07:30][/mnt/d/Code/LRUServer/src/ConnectionHandler.cpp:56] DEBUG : [socket_id:7][json:{"key":"123","method":"get","value":""}] [seq=1]
[2023-05-18 17:07:31][/mnt/d/Code/LRUServer/src/ConnectionHandler.cpp:56] DEBUG : [socket_id:7][json:{"key":"123","method":"get","value":""}] [seq=1]
[2023-05-18 17:07:33][/mnt/d/Code/LRUServer/src/ConnectionHandler.cpp:56] DEBUG : [socket_id:7][json:{"key":"123","method":"get","value":""}] [seq=1]
[2023-05-18 17:07:34][/mnt/d/Code/LRUServer/src/ConnectionHandler.cpp:56] DEBUG : [socket_id:7][json:{"key":"123","method":"get","value":""}] [seq=1]
[2023-05-18 17:07:36][/mnt/d/Code/LRUServer/src/ConnectionHandler.cpp:56] DEBUG : [socket_id:7][json:{"key":"123","method":"get","value":""}] [seq=1]
[2023-05-18 17:07:37][/mnt/d/Code/LRUServer/src/ConnectionHandler.cpp:56] DEBUG : [socket_id:7][json:{"key":"123","method":"get","value":""}] [seq=1]
[2023-05-18 17:07:38][/mnt/d/Code/LRUServer/src/ConnectionHandler.cpp:56] DEBUG : [socket_id:7][json:{"key":"123","method":"get","value":""}] [seq=1]
[2023-05-18 17:07:41][/mnt/d/Code/LRUServer/src/ConnectionHandler.cpp:56] DEBUG : [socket_id:7][json:{"key":"123","method":"get","value":""}] [seq=1]
[2023-05-18 17:09:25][/mnt/d/Code/LRUServer/src/ConnectionHandler.cpp:56] DEBUG : [socket_id:8][json:{"key":"123","method":"get","value":""}] [seq=2]
[2023-05-18 17:09:27][/mnt/d/Code/LRUServer/src/ConnectionHandler.cpp:56] DEBUG : [socket_id:8][json:{"key":"213","method":"get","value":""}] [seq=2]
[2023-05-18 17:09:28][/mnt/d/Code/LRUServer/src/ConnectionHandler.cpp:56] DEBUG : [socket_id:8][json:{"key":"231","method":"get","value":""}] [seq=2]
[2023-05-18 17:09:31][/mnt/d/Code/LRUServer/src/ConnectionHandler.cpp:56] DEBUG : [socket_id:8][json:{"key":"123213","method":"write","value":"123123"}] [seq=2]
[2023-05-18 17:09:34][/mnt/d/Code/LRUServer/src/ConnectionHandler.cpp:56] DEBUG : [socket_id:8][json:{"key":"12312312","method":"write","value":"12312312312"}] [seq=2]
[2023-05-18 17:09:36][/mnt/d/Code/LRUServer/src/ConnectionHandler.cpp:56] DEBUG : [socket_id:8][json:{"key":"12312312","method":"write","value":"12312"}2312"}] [seq=2]
[2023-05-18 17:09:43][/mnt/d/Code/LRUServer/src/ConnectionHandler.cpp:56] DEBUG : [socket_id:8][json:{"key":"123","method":"get","value":""}ue":"12312"}2312"}] [seq=2]
[2023-05-18 17:09:45][/mnt/d/Code/LRUServer/src/ConnectionHandler.cpp:56] DEBUG : [socket_id:8][json:{"key":"1","method":"get","value":""}"}ue":"12312"}2312"}] [seq=2]
[2023-05-18 17:09:46][/mnt/d/Code/LRUServer/src/ConnectionHandler.cpp:56] DEBUG : [socket_id:8][json:{"key":"1","method":"get","value":""}"}ue":"12312"}2312"}] [seq=2]
[2023-05-18 17:09:48][/mnt/d/Code/LRUServer/src/ConnectionHandler.cpp:56] DEBUG : [socket_id:8][json:{"key":"1","method":"write","value":"1"}e":"12312"}2312"}] [seq=2]
[2023-05-18 17:09:50][/mnt/d/Code/LRUServer/src/ConnectionHandler.cpp:56] DEBUG : [socket_id:8][json:{"key":"1","method":"get","value":""}1"}e":"12312"}2312"}] [seq=2]
[2023-05-18 17:09:52][/mnt/d/Code/LRUServer/src/ConnectionHandler.cpp:56] DEBUG : [socket_id:8][json:{"key":"1","method":"get","value":""}1"}e":"12312"}2312"}] [seq=2]
[2023-05-18 17:09:52][/mnt/d/Code/LRUServer/src/ConnectionHandler.cpp:56] DEBUG : [socket_id:8][json:{"key":"1","method":"get","value":""}1"}e":"12312"}2312"}] [seq=2]
[2023-05-18 17:09:53][/mnt/d/Code/LRUServer/src/ConnectionHandler.cpp:56] DEBUG : [socket_id:8][json:{"key":"11","method":"get","value":""}"}e":"12312"}2312"}] [seq=2]
[2023-05-18 17:09:53][/mnt/d/Code/LRUServer/src/ConnectionHandler.cpp:56] DEBUG : [socket_id:8][json:{"key":"1","method":"get","value":""}}"}e":"12312"}2312"}] [seq=2]
[2023-05-18 17:09:53][/mnt/d/Code/LRUServer/src/ConnectionHandler.cpp:56] DEBUG : [socket_id:8][json:{"key":"11","method":"get","value":""}"}e":"12312"}2312"}] [seq=2]
[2023-05-18 17:09:54][/mnt/d/Code/LRUServer/src/ConnectionHandler.cpp:56] DEBUG : [socket_id:8][json:{"key":"11","method":"get","value":""}"}e":"12312"}2312"}] [seq=2]
[2023-05-18 17:09:54][/mnt/d/Code/LRUServer/src/ConnectionHandler.cpp:56] DEBUG : [socket_id:8][json:{"key":"1","method":"get","value":""}}"}e":"12312"}2312"}] [seq=2]
[2023-05-18 17:09:55][/mnt/d/Code/LRUServer/src/ConnectionHandler.cpp:56] DEBUG : [socket_id:8][json:{"key":"11","method":"get","value":""}"}e":"12312"}2312"}] [seq=2]
[2023-05-18 17:09:55][/mnt/d/Code/LRUServer/src/ConnectionHandler.cpp:56] DEBUG : [socket_id:8][json:{"key":"1","method":"get","value":""}}"}e":"12312"}2312"}] [seq=2]
[2023-05-18 17:09:56][/mnt/d/Code/LRUServer/src/ConnectionHandler.cpp:56] DEBUG : [socket_id:8][json:{"key":"1","method":"get","value":""}}"}e":"12312"}2312"}] [seq=2]
[2023-05-18 17:09:56][/mnt/d/Code/LRUServer/src/ConnectionHandler.cpp:56] DEBUG : [socket_id:8][json:{"key":"1","method":"get","value":""}}"}e":"12312"}2312"}] [seq=2]
[2023-05-18 17:09:58][/mnt/d/Code/LRUServer/src/ConnectionHandler.cpp:56] DEBUG : [socket_id:8][json:{"key":"1","method":"get","value":""}}"}e":"12312"}2312"}] [seq=2]
[2023-05-18 17:09:58][/mnt/d/Code/LRUServer/src/ConnectionHandler.cpp:56] DEBUG : [socket_id:8][json:{"key":"1","method":"get","value":""}}"}e":"12312"}2312"}] [seq=2]
[2023-05-18 17:10:00][/mnt/d/Code/LRUServer/src/ConnectionHandler.cpp:56] DEBUG : [socket_id:8][json:{"key":"1","method":"get","value":""}}"}e":"12312"}2312"}] [seq=2]
[2023-05-18 17:10:01][/mnt/d/Code/LRUServer/src/ConnectionHandler.cpp:56] DEBUG : [socket_id:8][json:{"key":"1","method":"get","value":""}}"}e":"12312"}2312"}] [seq=2]
[2023-05-18 17:10:03][/mnt/d/Code/LRUServer/src/ConnectionHandler.cpp:56] DEBUG : [socket_id:8][json:{"key":"1","method":"get","value":""}}"}e":"12312"}2312"}] [seq=2]
[2023-05-18 17:10:06][/mnt/d/Code/LRUServer/src/ConnectionHandler.cpp:56] DEBUG : [socket_id:8][json:{"key":"1","method":"get","value":""}}"}e":"12312"}2312"}] [seq=2]
[2023-05-18 17:10:08][/mnt/d/Code/LRUServer/src/ConnectionHandler.cpp:56] DEBUG : [socket_id:8][json:{"key":"1","method":"get","value":""}}"}e":"12312"}2312"}] [seq=2]
[2023-05-18 17:10:09][/mnt/d/Code/LRUServer/src/ConnectionHandler.cpp:56] DEBUG : [socket_id:8][json:{"key":"1","method":"get","value":""}}"}e":"12312"}2312"}] [seq=2]
[2023-05-18 17:10:10][/mnt/d/Code/LRUServer/src/ConnectionHandler.cpp:56] DEBUG : [socket_id:8][json:{"key":"1","method":"get","value":""}}"}e":"12312"}2312"}] [seq=2]
[2023-05-18 17:10:10][/mnt/d/Code/LRUServer/src/ConnectionHandler.cpp:56] DEBUG : [socket_id:8][json:{"key":"1","method":"get","value":""}}"}e":"12312"}2312"}] [seq=2]
[2023-05-18 17:10:11][/mnt/d/Code/LRUServer/src/ConnectionHandler.cpp:56] DEBUG : [socket_id:8][json:{"key":"1","method":"get","value":""}}"}e":"12312"}2312"}] [seq=2]
[2023-05-18 17:10:13][/mnt/d/Code/LRUServer/src/ConnectionHandler.cpp:56] DEBUG : [socket_id:8][json:{"key":"2312123","method":"get","value":""}"12312"}2312"}] [seq=2]
[2023-05-18 17:10:15][/mnt/d/Code/LRUServer/src/ConnectionHandler.cpp:56] DEBUG : [socket_id:8][json:{"key":"1","method":"get","value":""}e":""}"12312"}2312"}] [seq=2]
[2023-05-18 17:10:19][/mnt/d/Code/LRUServer/src/ConnectionHandler.cpp:56] DEBUG : [socket_id:8][json:{"key":"1","method":"get","value":""}e":""}"12312"}2312"}] [seq=2]
[2023-05-18 17:10:20][/mnt/d/Code/LRUServer/src/ConnectionHandler.cpp:56] DEBUG : [socket_id:8][json:{"key":"1","method":"get","value":""}e":""}"12312"}2312"}] [seq=2]
[2023-05-18 17:10:22][/mnt/d/Code/LRUServer/src/ConnectionHandler.cpp:56] DEBUG : [socket_id:8][json:{"key":"1","method":"get","value":""}e":""}"12312"}2312"}] [seq=2]
[2023-05-18 17:10:22][/mnt/d/Code/LRUServer/src/ConnectionHandler.cpp:56] DEBUG : [socket_id:8][json:{"key":"1","method":"get","value":""}e":""}"12312"}2312"}] [seq=2]
[2023-05-18 17:10:23][/mnt/d/Code/LRUServer/src/ConnectionHandler.cpp:56] DEBUG : [socket_id:8][json:{"key":"1","method":"get","value":""}e":""}"12312"}2312"}] [seq=2]
[2023-05-18 17:10:24][/mnt/d/Code/LRUServer/src/ConnectionHandler.cpp:56] DEBUG : [socket_id:8][json:{"key":"1","method":"get","value":""}e":""}"12312"}2312"}] [seq=2]
[2023-05-18 17:10:24][/mnt/d/Code/LRUServer/src/ConnectionHandler.cpp:56] DEBUG : [socket_id:8][json:{"key":"1","method":"get","value":""}e":""}"12312"}2312"}] [seq=2]
[2023-05-18 17:10:25][/mnt/d/Code/LRUServer/src/ConnectionHandler.cpp:56] DEBUG : [socket_id:8][json:{"key":"1","method":"get","value":""}e":""}"12312"}2312"}] [seq=2]
[2023-05-18 17:10:25][/mnt/d/Code/LRUServer/src/ConnectionHandler.cpp:56] DEBUG : [socket_id:8][json:{"key":"1","method":"get","value":""}e":""}"12312"}2312"}] [seq=2]
